[2022-08-07 01:40:42,706][ INFO][          main.cc:374 ] modelbox config path : /home/rock/ModelBox/modelbox/workspace/surpass_detection_yolov7/bin/../graph/modelbox.conf
[2022-08-07 01:40:42,707][ INFO][        server.cc:110 ] plugin list:
[2022-08-07 01:40:42,707][ INFO][        server.cc:112 ]  /home/rock/ModelBox/modelbox/workspace/surpass_detection_yolov7/bin/../../../modelbox-rk-aarch64/lib/modelbox-iva-plugin.so
[2022-08-07 01:40:42,707][ INFO][        server.cc:112 ]  /home/rock/ModelBox/modelbox/workspace/surpass_detection_yolov7/bin/../../../modelbox-rk-aarch64/lib/modelbox-stack-plugin.so
[2022-08-07 01:40:43,054][ INFO][    iva_plugin.cc:11  ] IvaPlugin create success.
[2022-08-07 01:40:43,054][ INFO][    iva_plugin.cc:16  ] IvaPlugin Init . 
[2022-08-07 01:40:43,054][ INFO][   iva_manager.cc:151 ] IvaManager::Init: Init begin . 
[2022-08-07 01:40:43,058][ INFO][    iva_config.cc:225 ] load env config success
[2022-08-07 01:40:43,059][ INFO][    iva_config.cc:269 ] domain set username default
[2022-08-07 01:40:43,059][ INFO][    iva_config.cc:272 ] load deploy config success
[2022-08-07 01:40:43,059][ WARN][    iva_config.cc:143 ] update vas url failed. Fault, no vas projectid or iva endpoint
[2022-08-07 01:40:43,059][ INFO][    iva_config.cc:146 ] load config success
[2022-08-07 01:40:43,059][ INFO][   iva_manager.cc:168 ] grap path : /home/rock/ModelBox/modelbox/workspace/surpass_detection_yolov7/bin/../graph/surpass_detection_yolov7.toml
[2022-08-07 01:40:43,059][ INFO][    iva_cipher.cc:432 ] scc_path: 
[2022-08-07 01:40:43,059][ INFO][    iva_cipher.cc:451 ] IvaCipherManager init success: hilens scene
[2022-08-07 01:40:43,059][ WARN][         timer.cc:208 ] Schedule timer failed, timer is not running.
[2022-08-07 01:40:43,059][ERROR][iva_auth_info_updater.cc:29  ] IvaManager::SetIAMAuthInfo Not enough meassage. userId and (domain_id or vas_x_role_name) is empty.
[2022-08-07 01:40:43,059][ INFO][iva_auth_info_updater.cc:63  ] IvaManager::SetIAMAuthInfo Not enough meassage. ak is empty.
[2022-08-07 01:40:43,059][ INFO][mock_communicate.cc:395 ] MockCommunicate Init . 
[2022-08-07 01:40:43,167][ INFO][mock_communicate.cc:454 ] mock communicate init success.
[2022-08-07 01:40:43,169][ INFO][   iva_manager.cc:53  ] toml does not contain encrytion prefix
[2022-08-07 01:40:43,211][ INFO][        driver.cc:558 ] Gather scan info success, drivers count 46
[2022-08-07 01:40:43,218][ INFO][        driver.cc:357 ] load success drivers: count 46, show detail in debug level
[2022-08-07 01:40:43,218][ WARN][        driver.cc:367 ] load failed drivers: count 1, detail:
[2022-08-07 01:40:43,218][ WARN][        driver.cc:370 ] /home/rock/ModelBox/modelbox/workspace/surpass_detection_yolov7/bin/../../../modelbox-rk-aarch64/flowunit/libmodelbox-unit-cpu-data_source_parser-vcn_source.so.1.0.0 : dlopen failed, libjsoncpp.so.0: cannot open shared object file: No such file or directory
[2022-08-07 01:40:43,219][ INFO][        driver.cc:750 ] begin scan virtual drivers
[2022-08-07 01:40:43,253][ INFO][virtualdriver_inference.cc:79  ] Add virtual driver /home/rock/ModelBox/modelbox/workspace/surpass_detection_yolov7/bin/../model/surpass/surpass.toml success
[2022-08-07 01:40:43,271][ INFO][virtualdriver_python.cc:78  ] Add virtual driver /home/rock/ModelBox/modelbox/workspace/surpass_detection_yolov7/bin/../etc/flowunit/surpass_post/surpass_post.toml success
[2022-08-07 01:40:43,277][ INFO][virtualdriver_python.cc:78  ] Add virtual driver /home/rock/ModelBox/modelbox/workspace/surpass_detection_yolov7/bin/../etc/flowunit/surpass_pre/surpass_pre.toml success
[2022-08-07 01:40:43,311][ INFO][        driver.cc:752 ] end scan virtual drivers
[2022-08-07 01:40:43,325][ INFO][ graph_manager.cc:304 ] graph.format : graphviz
[2022-08-07 01:40:43,369][ INFO][  device_rknpu.cc:105 ] use rknpu2 for inference.
[2022-08-07 01:40:45,125][ WARN][      flowunit.cc:111 ] generic is not match, you can use a-z, A-Z, 1-9, _ and uppercase the first character.
[2022-08-07 01:40:45,125][ WARN][virtualdriver_python.cc:360 ] check group type failed , your group_type is generic, the right group_type is a or a/b , for instance input or input/http.
[2022-08-07 01:40:45,134][ WARN][      flowunit.cc:111 ] generic is not match, you can use a-z, A-Z, 1-9, _ and uppercase the first character.
[2022-08-07 01:40:45,134][ WARN][virtualdriver_python.cc:360 ] check group type failed , your group_type is generic, the right group_type is a or a/b , for instance input or input/http.
[2022-08-07 01:40:45,143][ INFO][      profiler.cc:173 ] profiler save dir: /home/rock/ModelBox/modelbox/workspace/surpass_detection_yolov7/hilens_data_dir/mb_profile
[2022-08-07 01:40:45,145][ INFO][   communicate.cc:19  ] register callback. msgTytpe:IVA_CREATE_TYPE
[2022-08-07 01:40:45,146][ INFO][   communicate.cc:19  ] register callback. msgTytpe:IVA_DELETE_TYPE
[2022-08-07 01:40:45,146][ INFO][   communicate.cc:19  ] register callback. msgTytpe:IVA_QUERY_TYPE
[2022-08-07 01:40:45,146][ INFO][   communicate.cc:19  ] register callback. msgTytpe:IVA_DELETE_ALL_TYPE
[2022-08-07 01:40:45,146][ INFO][iva_task_manager.cc:430 ] max_task_num_ 0
[2022-08-07 01:40:45,146][ INFO][iva_task_manager.cc:434 ] change max_task_num_ to 16
[2022-08-07 01:40:45,146][ INFO][   iva_manager.cc:184 ] IvaManager::Init: Init end . 
[2022-08-07 01:40:45,146][ INFO][    iva_plugin.cc:25  ] IvaPlugin init success.
[2022-08-07 01:40:45,152][ INFO][  stack_plugin.cc:71  ] StackPlugin Init . 
[2022-08-07 01:40:45,152][ INFO][        server.cc:59  ] app server start
[2022-08-07 01:40:45,152][ INFO][    iva_plugin.cc:30  ] IvaPlugin Start . 
[2022-08-07 01:40:45,152][ INFO][   iva_manager.cc:189 ] IvaManager::Start: Start begin . 
[2022-08-07 01:40:45,154][ INFO][         graph.cc:121 ] Build graph name:surpass_detection, id:65d5f744-6f20-4ec1-98c6-0e69ace8fff8
[2022-08-07 01:40:45,154][ INFO][ graph_manager.cc:217 ] node name : data_source_parser
[2022-08-07 01:40:45,154][ INFO][ graph_manager.cc:222 ] input port : in_data
[2022-08-07 01:40:45,154][ INFO][ graph_manager.cc:228 ] output port : out_video_url
[2022-08-07 01:40:45,154][ INFO][ graph_manager.cc:217 ] node name : input1
[2022-08-07 01:40:45,154][ INFO][ graph_manager.cc:228 ] output port : input
[2022-08-07 01:40:45,154][ INFO][ graph_manager.cc:217 ] node name : surpass
[2022-08-07 01:40:45,154][ INFO][ graph_manager.cc:222 ] input port : input
[2022-08-07 01:40:45,154][ INFO][ graph_manager.cc:228 ] output port : output1
[2022-08-07 01:40:45,154][ INFO][ graph_manager.cc:228 ] output port : output2
[2022-08-07 01:40:45,155][ INFO][ graph_manager.cc:228 ] output port : output3
[2022-08-07 01:40:45,155][ INFO][ graph_manager.cc:217 ] node name : surpass_post
[2022-08-07 01:40:45,155][ INFO][ graph_manager.cc:222 ] input port : in_feat1
[2022-08-07 01:40:45,155][ INFO][ graph_manager.cc:222 ] input port : in_feat2
[2022-08-07 01:40:45,155][ INFO][ graph_manager.cc:222 ] input port : in_feat3
[2022-08-07 01:40:45,155][ INFO][ graph_manager.cc:222 ] input port : in_image
[2022-08-07 01:40:45,155][ INFO][ graph_manager.cc:228 ] output port : out_image
[2022-08-07 01:40:45,155][ INFO][ graph_manager.cc:217 ] node name : surpass_pre
[2022-08-07 01:40:45,155][ INFO][ graph_manager.cc:222 ] input port : in_image
[2022-08-07 01:40:45,155][ INFO][ graph_manager.cc:228 ] output port : out_image
[2022-08-07 01:40:45,155][ INFO][ graph_manager.cc:228 ] output port : resized_image
[2022-08-07 01:40:45,155][ INFO][ graph_manager.cc:217 ] node name : video_decoder
[2022-08-07 01:40:45,155][ INFO][ graph_manager.cc:222 ] input port : in_video_packet
[2022-08-07 01:40:45,155][ INFO][ graph_manager.cc:228 ] output port : out_video_frame
[2022-08-07 01:40:45,155][ INFO][ graph_manager.cc:217 ] node name : video_demuxer
[2022-08-07 01:40:45,155][ INFO][ graph_manager.cc:222 ] input port : in_video_url
[2022-08-07 01:40:45,155][ INFO][ graph_manager.cc:228 ] output port : out_video_packet
[2022-08-07 01:40:45,155][ INFO][ graph_manager.cc:217 ] node name : video_out
[2022-08-07 01:40:45,155][ INFO][ graph_manager.cc:222 ] input port : in_video_frame
[2022-08-07 01:40:45,155][ INFO][         graph.cc:690 ] begin build node data_source_parser
[2022-08-07 01:40:45,160][ INFO][         graph.cc:697 ] build node data_source_parser success
[2022-08-07 01:40:45,161][ INFO][         graph.cc:690 ] begin build node input1
[2022-08-07 01:40:45,161][ INFO][         graph.cc:697 ] build node input1 success
[2022-08-07 01:40:45,161][ INFO][         graph.cc:690 ] begin build node surpass
[2022-08-07 01:40:45,169][ INFO][         graph.cc:697 ] build node surpass success
[2022-08-07 01:40:45,169][ INFO][         graph.cc:690 ] begin build node surpass_post
[2022-08-07 01:40:45,179][ WARN][      flowunit.cc:111 ] generic is not match, you can use a-z, A-Z, 1-9, _ and uppercase the first character.
[2022-08-07 01:40:45,179][ WARN][virtualdriver_python.cc:360 ] check group type failed , your group_type is generic, the right group_type is a or a/b , for instance input or input/http.
[2022-08-07 01:40:45,179][ INFO][         graph.cc:697 ] build node surpass_post success
[2022-08-07 01:40:45,179][ INFO][         graph.cc:690 ] begin build node surpass_pre
[2022-08-07 01:40:45,186][ WARN][      flowunit.cc:111 ] generic is not match, you can use a-z, A-Z, 1-9, _ and uppercase the first character.
[2022-08-07 01:40:45,187][ WARN][virtualdriver_python.cc:360 ] check group type failed , your group_type is generic, the right group_type is a or a/b , for instance input or input/http.
[2022-08-07 01:40:45,187][ INFO][         graph.cc:697 ] build node surpass_pre success
[2022-08-07 01:40:45,187][ INFO][         graph.cc:690 ] begin build node video_decoder
[2022-08-07 01:40:45,187][ INFO][         graph.cc:697 ] build node video_decoder success
[2022-08-07 01:40:45,187][ INFO][         graph.cc:690 ] begin build node video_demuxer
[2022-08-07 01:40:45,188][ INFO][         graph.cc:697 ] build node video_demuxer success
[2022-08-07 01:40:45,188][ INFO][         graph.cc:690 ] begin build node video_out
[2022-08-07 01:40:45,188][ INFO][         graph.cc:697 ] build node video_out success
[2022-08-07 01:40:45,188][ INFO][         graph.cc:373 ] add link, data_source_parser:out_video_url -> video_demuxer:in_video_url
[2022-08-07 01:40:45,188][ INFO][         graph.cc:373 ] add link, input1:input1 -> data_source_parser:in_data
[2022-08-07 01:40:45,188][ INFO][         graph.cc:373 ] add link, surpass:output1 -> surpass_post:in_feat1
[2022-08-07 01:40:45,188][ INFO][         graph.cc:373 ] add link, surpass:output2 -> surpass_post:in_feat2
[2022-08-07 01:40:45,189][ INFO][         graph.cc:373 ] add link, surpass:output3 -> surpass_post:in_feat3
[2022-08-07 01:40:45,189][ INFO][         graph.cc:373 ] add link, surpass_post:out_image -> video_out:in_video_frame
[2022-08-07 01:40:45,189][ INFO][         graph.cc:373 ] add link, surpass_pre:out_image -> surpass_post:in_image
[2022-08-07 01:40:45,189][ INFO][         graph.cc:373 ] add link, surpass_pre:resized_image -> surpass:input
[2022-08-07 01:40:45,189][ INFO][         graph.cc:373 ] add link, video_decoder:out_video_frame -> surpass_pre:in_image
[2022-08-07 01:40:45,189][ INFO][         graph.cc:373 ] add link, video_demuxer:out_video_packet -> video_decoder:in_video_packet
[2022-08-07 01:40:45,323][ INFO][data_source_parser_flowunit.cc:56  ] Add plugin : obs
[2022-08-07 01:40:45,351][ INFO][data_source_parser_flowunit.cc:56  ] Add plugin : restful
[2022-08-07 01:40:45,373][ INFO][data_source_parser_flowunit.cc:56  ] Add plugin : url
[2022-08-07 01:40:45,391][ INFO][data_source_parser_flowunit.cc:56  ] Add plugin : vis
[2022-08-07 01:40:45,392][ INFO][flowunit_group.cc:418 ] node: data_source_parser get batch size is 1
[2022-08-07 01:40:45,392][ INFO][video_decoder_flowunit.cc:24  ] RKNPU video_decoder with bgr
[2022-08-07 01:40:45,392][ INFO][flowunit_group.cc:418 ] node: video_decoder get batch size is 1
[2022-08-07 01:40:45,393][ INFO][flowunit_group.cc:418 ] node: video_demuxer get batch size is 1
[2022-08-07 01:40:45,393][ INFO][flowunit_group.cc:418 ] node: video_out get batch size is 1
[2022-08-07 01:40:45,421][ INFO][flowunit_group.cc:418 ] node: surpass get batch size is 1
[2022-08-07 01:40:47,859][ INFO][flowunit_group.cc:418 ] node: surpass_pre get batch size is 4
[2022-08-07 01:40:47,864][ INFO][flowunit_group.cc:418 ] node: surpass_post get batch size is 4
[2022-08-07 01:40:47,867][ INFO][         graph.cc:930 ] node: data_source_parser #0
[2022-08-07 01:40:47,867][ INFO][         graph.cc:930 ] node: input1 #0
[2022-08-07 01:40:47,867][ INFO][         graph.cc:930 ] node: surpass #0
[2022-08-07 01:40:47,867][ INFO][         graph.cc:930 ] node: surpass_post #0
[2022-08-07 01:40:47,867][ INFO][         graph.cc:930 ] node: surpass_pre #0
[2022-08-07 01:40:47,867][ INFO][         graph.cc:930 ] node: video_decoder #0
[2022-08-07 01:40:47,867][ INFO][         graph.cc:930 ] node: video_demuxer #0
[2022-08-07 01:40:47,867][ INFO][         graph.cc:930 ] node: video_out #0
[2022-08-07 01:40:47,867][ INFO][         graph.cc:1135] topo index: 0, input1
[2022-08-07 01:40:47,867][ INFO][         graph.cc:1135] topo index: 1, data_source_parser
[2022-08-07 01:40:47,867][ INFO][         graph.cc:1135] topo index: 2, video_demuxer
[2022-08-07 01:40:47,867][ INFO][         graph.cc:1135] topo index: 3, video_decoder
[2022-08-07 01:40:47,867][ INFO][         graph.cc:1135] topo index: 4, surpass_pre
[2022-08-07 01:40:47,867][ INFO][         graph.cc:1135] topo index: 5, surpass
[2022-08-07 01:40:47,867][ INFO][         graph.cc:1135] topo index: 6, surpass_post
[2022-08-07 01:40:47,867][ INFO][         graph.cc:1135] topo index: 7, video_out
[2022-08-07 01:40:47,867][ INFO][         graph.cc:951 ] set priority. node: data_source_parser port: in_data priority: 1
[2022-08-07 01:40:47,867][ INFO][         graph.cc:951 ] set priority. node: video_demuxer port: in_video_url priority: 2
[2022-08-07 01:40:47,867][ INFO][         graph.cc:951 ] set priority. node: video_decoder port: in_video_packet priority: 3
[2022-08-07 01:40:47,867][ INFO][         graph.cc:951 ] set priority. node: surpass_pre port: in_image priority: 4
[2022-08-07 01:40:47,867][ INFO][         graph.cc:951 ] set priority. node: surpass port: input priority: 5
[2022-08-07 01:40:47,867][ INFO][         graph.cc:951 ] set priority. node: surpass_post port: in_feat1 priority: 6
[2022-08-07 01:40:47,867][ INFO][         graph.cc:951 ] set priority. node: surpass_post port: in_feat2 priority: 6
[2022-08-07 01:40:47,867][ INFO][         graph.cc:951 ] set priority. node: surpass_post port: in_feat3 priority: 6
[2022-08-07 01:40:47,867][ INFO][         graph.cc:951 ] set priority. node: surpass_post port: in_image priority: 6
[2022-08-07 01:40:47,867][ INFO][         graph.cc:951 ] set priority. node: video_out port: in_video_frame priority: 7
[2022-08-07 01:40:47,867][ INFO][         graph.cc:1156] port connect, input1:input1 -> data_source_parser:in_data
[2022-08-07 01:40:47,868][ INFO][         graph.cc:1156] port connect, surpass_pre:resized_image -> surpass:input
[2022-08-07 01:40:47,868][ INFO][         graph.cc:1156] port connect, video_decoder:out_video_frame -> surpass_pre:in_image
[2022-08-07 01:40:47,868][ INFO][         graph.cc:1156] port connect, surpass:output1 -> surpass_post:in_feat1
[2022-08-07 01:40:47,868][ INFO][         graph.cc:1156] port connect, surpass:output2 -> surpass_post:in_feat2
[2022-08-07 01:40:47,868][ INFO][         graph.cc:1156] port connect, surpass:output3 -> surpass_post:in_feat3
[2022-08-07 01:40:47,868][ INFO][         graph.cc:1156] port connect, surpass_pre:out_image -> surpass_post:in_image
[2022-08-07 01:40:47,868][ INFO][         graph.cc:1156] port connect, video_demuxer:out_video_packet -> video_decoder:in_video_packet
[2022-08-07 01:40:47,868][ INFO][         graph.cc:1156] port connect, surpass_post:out_image -> video_out:in_video_frame
[2022-08-07 01:40:47,868][ INFO][         graph.cc:1156] port connect, data_source_parser:out_video_url -> video_demuxer:in_video_url
[2022-08-07 01:40:47,869][ INFO][ graph_checker.cc:715 ] node: surpass_post, key: match_node, value: surpass_pre
[2022-08-07 01:40:47,870][ INFO][flow_scheduler.cc:69  ] init scheduler with 16 threads, max 512
[2022-08-07 01:40:47,871][ INFO][         trace.cc:105 ] trace timer start
[2022-08-07 01:40:47,871][ INFO][   performance.cc:283 ] profiler timer start
[2022-08-07 01:40:47,872][ INFO][mock_communicate.cc:462 ] mock communicate start.
[2022-08-07 01:40:47,872][ INFO][iva_task_manager.cc:831 ] IvaUpload Start success.
[2022-08-07 01:40:47,872][ INFO][   iva_manager.cc:210 ] IvaManager::Start: Start end . 
[2022-08-07 01:40:47,872][ INFO][    iva_plugin.cc:36  ] IvaPlugin Start success.
[2022-08-07 01:40:47,872][ INFO][  stack_plugin.cc:76  ] StackPlugin Start . 
[2022-08-07 01:40:47,873][ INFO][mock_communicate.cc:482 ] MockCommunicate::Send msg to mock url: , payload: {"business":"instance","data":{"createAt":"2022-08-07T01:40:47Z","id":"modelbox-instance-mock","resource":{"curRunningNumber":0,"maxRunningNumber":16,"queueNumber":0,"realtimeNumber":0},"state":"RUNNING","tasks":[]}}, try: 10
[2022-08-07 01:40:48,880][ INFO][mock_communicate.cc:276 ] {"streams":[{"common":{"param_float":10.5,"param_int":10,"param_str":"string param"},"input":{"data":{"url":"/home/rock/ModelBox/modelbox/workspace/surpass_detection_yolov7/bin/../data/car_test_video.mp4"},"type":"url"},"outputs":[{"data":{"headers":{},"url":"/home/rock/ModelBox/modelbox/workspace/surpass_detection_yolov7/bin/../hilens_data_dir/surpass_result.mp4"},"type":"webhook"}]}],"taskId":"17648c42-b50f-4bb2-ad24-dbb9159cd653"}
[2022-08-07 01:40:48,880][ INFO][iva_task_manager.cc:33  ] IvaMicroTask::Parse, {"common":{"param_float":10.5,"param_int":10,"param_str":"string param"},"input":{"data":{"url":"/home/rock/ModelBox/modelbox/workspace/surpass_detection_yolov7/bin/../data/car_test_video.mp4"},"type":"url"},"outputs":[{"data":{"headers":{},"url":"/home/rock/ModelBox/modelbox/workspace/surpass_detection_yolov7/bin/../hilens_data_dir/surpass_result.mp4"},"type":"webhook"}]}
[2022-08-07 01:40:48,880][ INFO][        iva_io.cc:646 ] IvaIOFactory::Parse data: {"data":{"url":"/home/rock/ModelBox/modelbox/workspace/surpass_detection_yolov7/bin/../data/car_test_video.mp4"},"type":"url"}
[2022-08-07 01:40:48,880][ INFO][        iva_io.cc:649 ] IvaIOFactory::Parse data type url
[2022-08-07 01:40:48,881][ INFO][        iva_io.cc:682 ] Parse, Iva type i/o success isInput:1
[2022-08-07 01:40:48,881][ INFO][iva_task_manager.cc:49  ] IvaMicroTask::Parse, parse input success finished.
[2022-08-07 01:40:48,881][ INFO][        iva_io.cc:646 ] IvaIOFactory::Parse data: {"data":{"headers":{},"url":"/home/rock/ModelBox/modelbox/workspace/surpass_detection_yolov7/bin/../hilens_data_dir/surpass_result.mp4"},"type":"webhook"}
[2022-08-07 01:40:48,881][ INFO][        iva_io.cc:649 ] IvaIOFactory::Parse data type webhook
[2022-08-07 01:40:48,881][ INFO][        iva_io.cc:682 ] Parse, Iva type i/o success isInput:0
[2022-08-07 01:40:48,881][ INFO][iva_task_manager.cc:62  ] IvaMicroTask::Parse, parse outputs success.
[2022-08-07 01:40:48,881][ INFO][iva_task_manager.cc:162 ] Parse, stream group success
[2022-08-07 01:40:48,881][ INFO][iva_task_manager.cc:179 ] Parse, task group success
[2022-08-07 01:40:48,882][ INFO][session_context.cc:37  ] session context start se id:9b7fbe80-15b9-4020-9236-62acbd54de42
[2022-08-07 01:40:48,882][ INFO][      iva_task.cc:604 ] IvaTask Run CreateTask . task_name_: 17648c42-b50f-4bb2-ad24-dbb9159cd653_1659836448 modelbox_task_id: 9b7fbe80-15b9-4020-9236-62acbd54de42
[2022-08-07 01:40:48,882][ INFO][      iva_task.cc:229 ] source_type: url
[2022-08-07 01:40:48,886][ INFO][      iva_task.cc:230 ] input_cfg: {"url":"/home/rock/ModelBox/modelbox/workspace/surpass_detection_yolov7/bin/../data/car_test_video.mp4","url_type":"file"}
[2022-08-07 01:40:48,887][ INFO][      iva_task.cc:262 ] output_cfg: {"brokers":[{"cfg":"{\"headers\":null,\"url\":\"/home/rock/ModelBox/modelbox/workspace/surpass_detection_yolov7/bin/../hilens_data_dir/surpass_result.mp4\"}","name":"webhook","type":"webhook"}]}
[2022-08-07 01:40:48,887][ERROR][        iva_io.cc:118 ] tempAuthInfo is nullptr
[2022-08-07 01:40:48,888][ERROR][        iva_io.cc:118 ] tempAuthInfo is nullptr
[2022-08-07 01:40:48,888][ INFO][      iva_task.cc:356 ] common:{"param_float":10.5,"param_int":10,"param_str":"string param"}
[2022-08-07 01:40:48,888][ INFO][      iva_task.cc:357 ] svc_config:{"algorithm":{"multiTask":"no","algType":"mock"},"mockFile":"/home/rock/ModelBox/modelbox/workspace/surpass_detection_yolov7/bin/mock_task.toml","svcInstanceId":"modelbox-instance-mock"}
[2022-08-07 01:40:48,889][ INFO][      iva_task.cc:358 ] input:{"auth":null,"data":{"url":"/home/rock/ModelBox/modelbox/workspace/surpass_detection_yolov7/bin/../data/car_test_video.mp4"},"type":"url"}
[2022-08-07 01:40:48,889][ERROR][        iva_io.cc:118 ] tempAuthInfo is nullptr
[2022-08-07 01:40:48,889][ INFO][      iva_task.cc:360 ] output:{"auth":null,"data":{"headers":{},"url":"/home/rock/ModelBox/modelbox/workspace/surpass_detection_yolov7/bin/../hilens_data_dir/surpass_result.mp4"},"type":"webhook"}
[2022-08-07 01:40:48,889][ INFO][      iva_task.cc:362 ] task_id:17648c42-b50f-4bb2-ad24-dbb9159cd653
[2022-08-07 01:40:48,890][ INFO][      iva_task.cc:628 ] IvaTask Run success.. task_name_: 17648c42-b50f-4bb2-ad24-dbb9159cd653_1659836448modelbox_task_id: 9b7fbe80-15b9-4020-9236-62acbd54de42
[2022-08-07 01:40:48,890][ INFO][iva_task_manager.cc:215 ] TaskGroup::CreateIvaTasks , task Run, TaskName: 17648c42-b50f-4bb2-ad24-dbb9159cd653_1659836448
[2022-08-07 01:40:48,890][ INFO][iva_task_manager.cc:224 ] CreateIvaTasks complete
[2022-08-07 01:40:48,890][ INFO][iva_task_manager.cc:574 ] create iva task success. taskid: 17648c42-b50f-4bb2-ad24-dbb9159cd653
[2022-08-07 01:40:48,890][ INFO][mock_communicate.cc:381 ] mock task: finish. httpStatus: 201 body:{}
[2022-08-07 01:40:48,890][ INFO][iva_task_manager.cc:464 ] CreateTaskPostProcess begin
[2022-08-07 01:40:48,890][ INFO][mock_communicate.cc:482 ] MockCommunicate::Send msg to mock url: , payload: {"business":"task","data":{"createAt":"2022-08-07T01:40:48Z","curRunningNumber":1,"failStreamNumber":0,"id":"17648c42-b50f-4bb2-ad24-dbb9159cd653","okStreamNumber":0,"state":"RUNNING","sumStreamNumber":1,"taskUUID":""}}, try: 10
[2022-08-07 01:40:48,890][ INFO][iva_task_manager.cc:744 ] update task status. {"business":"task","data":{"createAt":"2022-08-07T01:40:48Z","curRunningNumber":1,"failStreamNumber":0,"id":"17648c42-b50f-4bb2-ad24-dbb9159cd653","okStreamNumber":0,"state":"RUNNING","sumStreamNumber":1,"taskUUID":""}}
[2022-08-07 01:40:48,890][ INFO][iva_task_manager.cc:839 ] IvaUpload Update notify.
[2022-08-07 01:40:48,890][ INFO][mock_communicate.cc:391 ] mock task success. 
[2022-08-07 01:40:48,891][ INFO][mock_communicate.cc:482 ] MockCommunicate::Send msg to mock url: , payload: {"business":"instance","data":{"createAt":"2022-08-07T01:40:48Z","id":"modelbox-instance-mock","resource":{"curRunningNumber":1,"maxRunningNumber":16,"queueNumber":0,"realtimeNumber":1},"state":"RUNNING","tasks":[{"createAt":"2022-08-07T01:40:48Z","curRunningNumber":1,"failStreamNumber":0,"id":"17648c42-b50f-4bb2-ad24-dbb9159cd653","okStreamNumber":0,"state":"RUNNING","sumStreamNumber":1,"taskUUID":""}]}}, try: 10
[2022-08-07 01:40:48,892][ INFO][  match_stream.cc:512 ] node data_source_parser, port in_data, inherit backward level 0
[2022-08-07 01:40:48,894][ INFO][data_source_parser_flowunit.cc:94  ] Try parse input config url for 9b7fbe80-15b9-4020-9236-62acbd54de42
[2022-08-07 01:40:48,896][ INFO][data_source_parser_flowunit.cc:111 ] parse input config ok for 9b7fbe80-15b9-4020-9236-62acbd54de42
[2022-08-07 01:40:48,897][ INFO][          node.cc:678 ] node: data_source_parser, sess id: 9b7fbe80-15b9-4020-9236-62acbd54de42, data ctx finished
[2022-08-07 01:40:48,899][ INFO][  match_stream.cc:512 ] node video_demuxer, port in_video_url, inherit backward level 0
[2022-08-07 01:40:48,906][ INFO][ ffmpeg_reader.cc:113 ] Source url:/home/rock/ModelBox/modelbox/workspace/surpass_detection_yolov7/bin/../data/car_test_video.mp4, reconnect:true, rw_timeout:30s
[2022-08-07 01:40:48,967][ INFO][ ffmpeg_reader.cc:78  ] Open source /home/rock/ModelBox/modelbox/workspace/surpass_detection_yolov7/bin/../data/car_test_video.mp4 success, format QuickTime / MOV : mov,mp4,m4a,3gp,3g2,mj2
[2022-08-07 01:40:49,126][ INFO][ffmpeg_video_demuxer.cc:259 ] Stream /home/rock/ModelBox/modelbox/workspace/surpass_detection_yolov7/bin/../data/car_test_video.mp4 creation time is null
[2022-08-07 01:40:49,126][ INFO][ffmpeg_video_demuxer.cc:277 ] Stream /home/rock/ModelBox/modelbox/workspace/surpass_detection_yolov7/bin/../data/car_test_video.mp4 rotate is null
[2022-08-07 01:40:49,126][ INFO][ffmpeg_video_demuxer.cc:308 ] extra_data: 1:42:c0:1f:ff:e1:0:f:67:42:c0:1f:8c:8d:40:28:2:d9:0:f0:88:46:a0:1:0:4:68:ce:3c:80:
[2022-08-07 01:40:49,126][ INFO][ffmpeg_video_demuxer.cc:329 ] try get bsf for Fourcc:avc1, CodecId:27
[2022-08-07 01:40:49,126][ INFO][ffmpeg_video_demuxer.cc:69  ] demux info:
[2022-08-07 01:40:49,126][ INFO][ffmpeg_video_demuxer.cc:70  ] source url: /home/rock/ModelBox/modelbox/workspace/surpass_detection_yolov7/bin/../data/car_test_video.mp4
[2022-08-07 01:40:49,126][ INFO][ffmpeg_video_demuxer.cc:71  ] key frame only: 0
[2022-08-07 01:40:49,126][ INFO][ffmpeg_video_demuxer.cc:72  ] codec id: 27
[2022-08-07 01:40:49,126][ INFO][ffmpeg_video_demuxer.cc:73  ] profile id: 66
[2022-08-07 01:40:49,127][ INFO][ffmpeg_video_demuxer.cc:74  ] creation time: 0
[2022-08-07 01:40:49,127][ INFO][ffmpeg_video_demuxer.cc:75  ] time base: 0.0813802
[2022-08-07 01:40:49,127][ INFO][ffmpeg_video_demuxer.cc:76  ] frame width: 1280
[2022-08-07 01:40:49,127][ INFO][ffmpeg_video_demuxer.cc:77  ] frame height: 720
[2022-08-07 01:40:49,127][ INFO][ffmpeg_video_demuxer.cc:78  ] frame rate: 1180/49
[2022-08-07 01:40:49,127][ INFO][ffmpeg_video_demuxer.cc:80  ] frame rotate: 0
[2022-08-07 01:40:49,127][ INFO][ffmpeg_video_demuxer.cc:81  ] frame count: 295
[2022-08-07 01:40:49,127][ INFO][ffmpeg_video_demuxer.cc:82  ] video duration: 12
[2022-08-07 01:40:49,127][ INFO][ffmpeg_video_demuxer.cc:88  ] bsf_name:h264_mp4toannexb,
[2022-08-07 01:40:49,131][ INFO][  match_stream.cc:512 ] node video_decoder, port in_video_packet, inherit backward level 0
[2022-08-07 01:40:49,132][ INFO][video_decoder_flowunit.cc:44  ] Video Decode DataPre
[2022-08-07 01:40:49,254][ INFO][  match_stream.cc:512 ] node surpass_pre, port in_image, inherit backward level 0
[2022-08-07 01:40:49,445][ INFO][  match_stream.cc:512 ] node surpass, port input, inherit backward level 0
[2022-08-07 01:40:49,554][ INFO][  match_stream.cc:512 ] node surpass_post, port in_image, inherit backward level 0
[2022-08-07 01:40:49,554][ INFO][  match_stream.cc:512 ] node surpass_post, port in_feat3, inherit backward level 0
[2022-08-07 01:40:49,554][ INFO][  match_stream.cc:512 ] node surpass_post, port in_feat2, inherit backward level 0
[2022-08-07 01:40:49,554][ INFO][  match_stream.cc:512 ] node surpass_post, port in_feat1, inherit backward level 0
[2022-08-07 01:40:49,754][ INFO][  surpass_post.py:29  ] Yolo7Post
[2022-08-07 01:40:50,021][ INFO][  match_stream.cc:512 ] node video_out, port in_video_frame, inherit backward level 0
[2022-08-07 01:40:50,024][ INFO][video_out_flowunit.cc:305 ] video_out url is /home/rock/ModelBox/modelbox/workspace/surpass_detection_yolov7/bin/../hilens_data_dir/surpass_result.mp4
[2022-08-07 01:40:50,024][ INFO][video_out_flowunit.cc:266 ] videoout url=/home/rock/ModelBox/modelbox/workspace/surpass_detection_yolov7/bin/../hilens_data_dir/surpass_result.mp4
[2022-08-07 01:40:50,054][ INFO][ ffmpeg_writer.cc:55  ] Open url /home/rock/ModelBox/modelbox/workspace/surpass_detection_yolov7/bin/../hilens_data_dir/surpass_result.mp4, format mp4 success
[2022-08-07 01:40:50,172][ INFO][  surpass_post.py:29  ] Yolo7Post
[2022-08-07 01:40:50,548][ INFO][  surpass_post.py:29  ] Yolo7Post
[2022-08-07 01:40:50,902][ INFO][  surpass_post.py:29  ] Yolo7Post
[2022-08-07 01:40:51,254][ INFO][  surpass_post.py:29  ] Yolo7Post
[2022-08-07 01:40:51,635][ INFO][  surpass_post.py:29  ] Yolo7Post
[2022-08-07 01:40:51,998][ INFO][  surpass_post.py:29  ] Yolo7Post
[2022-08-07 01:40:52,353][ INFO][  surpass_post.py:29  ] Yolo7Post
[2022-08-07 01:40:52,713][ INFO][  surpass_post.py:29  ] Yolo7Post
[2022-08-07 01:40:53,051][ INFO][  surpass_post.py:29  ] Yolo7Post
[2022-08-07 01:40:53,414][ INFO][  surpass_post.py:29  ] Yolo7Post
[2022-08-07 01:40:53,766][ INFO][  surpass_post.py:29  ] Yolo7Post
[2022-08-07 01:40:54,114][ INFO][  surpass_post.py:29  ] Yolo7Post
[2022-08-07 01:40:54,455][ INFO][  surpass_post.py:29  ] Yolo7Post
[2022-08-07 01:40:54,793][ INFO][  surpass_post.py:29  ] Yolo7Post
[2022-08-07 01:40:55,147][ INFO][  surpass_post.py:29  ] Yolo7Post
[2022-08-07 01:40:55,493][ INFO][  surpass_post.py:29  ] Yolo7Post
[2022-08-07 01:40:55,861][ INFO][  surpass_post.py:29  ] Yolo7Post
[2022-08-07 01:40:56,210][ INFO][  surpass_post.py:29  ] Yolo7Post
[2022-08-07 01:40:56,554][ INFO][  surpass_post.py:29  ] Yolo7Post
[2022-08-07 01:40:56,913][ INFO][  surpass_post.py:29  ] Yolo7Post
[2022-08-07 01:40:57,265][ INFO][  surpass_post.py:29  ] Yolo7Post
[2022-08-07 01:40:57,595][ INFO][  surpass_post.py:29  ] Yolo7Post
[2022-08-07 01:40:57,946][ INFO][  surpass_post.py:29  ] Yolo7Post
[2022-08-07 01:40:58,302][ INFO][  surpass_post.py:29  ] Yolo7Post
[2022-08-07 01:40:58,646][ INFO][  surpass_post.py:29  ] Yolo7Post
[2022-08-07 01:40:59,005][ INFO][  surpass_post.py:29  ] Yolo7Post
[2022-08-07 01:40:59,352][ INFO][  surpass_post.py:29  ] Yolo7Post
[2022-08-07 01:40:59,698][ INFO][  surpass_post.py:29  ] Yolo7Post
[2022-08-07 01:41:00,045][ INFO][  surpass_post.py:29  ] Yolo7Post
[2022-08-07 01:41:00,409][ INFO][  surpass_post.py:29  ] Yolo7Post
[2022-08-07 01:41:00,736][ INFO][  surpass_post.py:29  ] Yolo7Post
[2022-08-07 01:41:01,081][ INFO][  surpass_post.py:29  ] Yolo7Post
[2022-08-07 01:41:01,471][ INFO][  surpass_post.py:29  ] Yolo7Post
[2022-08-07 01:41:01,818][ INFO][  surpass_post.py:29  ] Yolo7Post
[2022-08-07 01:41:02,154][ INFO][  surpass_post.py:29  ] Yolo7Post
[2022-08-07 01:41:02,505][ INFO][  surpass_post.py:29  ] Yolo7Post
[2022-08-07 01:41:02,858][ INFO][  surpass_post.py:29  ] Yolo7Post
[2022-08-07 01:41:03,216][ INFO][  surpass_post.py:29  ] Yolo7Post
[2022-08-07 01:41:03,548][ INFO][  surpass_post.py:29  ] Yolo7Post
[2022-08-07 01:41:03,876][ INFO][  surpass_post.py:29  ] Yolo7Post
[2022-08-07 01:41:04,235][ INFO][  surpass_post.py:29  ] Yolo7Post
[2022-08-07 01:41:04,573][ INFO][  surpass_post.py:29  ] Yolo7Post
[2022-08-07 01:41:04,912][ INFO][  surpass_post.py:29  ] Yolo7Post
[2022-08-07 01:41:05,281][ INFO][  surpass_post.py:29  ] Yolo7Post
[2022-08-07 01:41:05,618][ INFO][  surpass_post.py:29  ] Yolo7Post
[2022-08-07 01:41:05,965][ INFO][  surpass_post.py:29  ] Yolo7Post
[2022-08-07 01:41:06,320][ INFO][  surpass_post.py:29  ] Yolo7Post
[2022-08-07 01:41:06,677][ INFO][  surpass_post.py:29  ] Yolo7Post
[2022-08-07 01:41:07,020][ INFO][  surpass_post.py:29  ] Yolo7Post
[2022-08-07 01:41:07,392][ INFO][  surpass_post.py:29  ] Yolo7Post
[2022-08-07 01:41:07,731][ INFO][  surpass_post.py:29  ] Yolo7Post
[2022-08-07 01:41:08,078][ INFO][  surpass_post.py:29  ] Yolo7Post
[2022-08-07 01:41:08,431][ INFO][  surpass_post.py:29  ] Yolo7Post
[2022-08-07 01:41:08,787][ INFO][  surpass_post.py:29  ] Yolo7Post
[2022-08-07 01:41:09,126][ INFO][  surpass_post.py:29  ] Yolo7Post
[2022-08-07 01:41:09,478][ INFO][  surpass_post.py:29  ] Yolo7Post
[2022-08-07 01:41:09,829][ INFO][  surpass_post.py:29  ] Yolo7Post
[2022-08-07 01:41:10,178][ INFO][  surpass_post.py:29  ] Yolo7Post
[2022-08-07 01:41:10,503][ INFO][  surpass_post.py:29  ] Yolo7Post
[2022-08-07 01:41:10,858][ INFO][  surpass_post.py:29  ] Yolo7Post
[2022-08-07 01:41:11,197][ INFO][  surpass_post.py:29  ] Yolo7Post
[2022-08-07 01:41:11,532][ INFO][  surpass_post.py:29  ] Yolo7Post
[2022-08-07 01:41:11,877][ INFO][  surpass_post.py:29  ] Yolo7Post
[2022-08-07 01:41:12,228][ INFO][  surpass_post.py:29  ] Yolo7Post
[2022-08-07 01:41:12,578][ INFO][  surpass_post.py:29  ] Yolo7Post
[2022-08-07 01:41:12,938][ INFO][  surpass_post.py:29  ] Yolo7Post
[2022-08-07 01:41:13,170][ INFO][ffmpeg_video_demuxer.cc:147 ] Stream /home/rock/ModelBox/modelbox/workspace/surpass_detection_yolov7/bin/../data/car_test_video.mp4 is end
[2022-08-07 01:41:13,171][ INFO][          node.cc:678 ] node: video_demuxer, sess id: 9b7fbe80-15b9-4020-9236-62acbd54de42, data ctx finished
[2022-08-07 01:41:13,292][ INFO][  surpass_post.py:29  ] Yolo7Post
[2022-08-07 01:41:13,658][ INFO][  surpass_post.py:29  ] Yolo7Post
[2022-08-07 01:41:13,868][ INFO][          node.cc:678 ] node: video_decoder, sess id: 9b7fbe80-15b9-4020-9236-62acbd54de42, data ctx finished
[2022-08-07 01:41:13,994][ INFO][  surpass_post.py:29  ] Yolo7Post
[2022-08-07 01:41:14,343][ INFO][  surpass_post.py:29  ] Yolo7Post
[2022-08-07 01:41:14,666][ INFO][  surpass_post.py:29  ] Yolo7Post
[2022-08-07 01:41:15,044][ INFO][  surpass_post.py:29  ] Yolo7Post
[2022-08-07 01:41:15,358][ INFO][  surpass_post.py:29  ] Yolo7Post
[2022-08-07 01:41:15,502][ INFO][          node.cc:678 ] node: video_out, sess id: 9b7fbe80-15b9-4020-9236-62acbd54de42, data ctx finished
[2022-08-07 01:41:15,502][ INFO][       session.cc:99  ] session 9b7fbe80-15b9-4020-9236-62acbd54de42 is over, running session count 0
[2022-08-07 01:41:15,502][ INFO][session_context.cc:41  ] session context finish se id:9b7fbe80-15b9-4020-9236-62acbd54de42
[2022-08-07 01:41:15,503][ INFO][      iva_task.cc:529 ] ModelBoxTaskStatusCallback: Recvie Callback,   task_name_: 17648c42-b50f-4bb2-ad24-dbb9159cd653_1659836448 modelbox task id: 9b7fbe80-15b9-4020-9236-62acbd54de42 status: 5
[2022-08-07 01:41:15,503][ INFO][mock_communicate.cc:482 ] MockCommunicate::Send msg to mock url: , payload: {"business":"task","data":{"createAt":"2022-08-07T01:41:15Z","curRunningNumber":0,"failStreamNumber":0,"id":"17648c42-b50f-4bb2-ad24-dbb9159cd653","okStreamNumber":1,"state":"SUCCEEDED","sumStreamNumber":1,"taskUUID":""}}, try: 10
[2022-08-07 01:41:15,503][ INFO][mock_communicate.cc:492 ] Task SUCCEEDED, Mock will exit application
[2022-08-07 01:41:15,503][ INFO][iva_task_manager.cc:744 ] update task status. {"business":"task","data":{"createAt":"2022-08-07T01:41:15Z","curRunningNumber":0,"failStreamNumber":0,"id":"17648c42-b50f-4bb2-ad24-dbb9159cd653","okStreamNumber":1,"state":"SUCCEEDED","sumStreamNumber":1,"taskUUID":""}}
[2022-08-07 01:41:15,503][ INFO][mock_communicate.cc:482 ] MockCommunicate::Send msg to mock url: , payload: {"business":"task","data":{"createAt":"2022-08-07T01:41:15Z","curRunningNumber":0,"failStreamNumber":0,"id":"17648c42-b50f-4bb2-ad24-dbb9159cd653","okStreamNumber":1,"state":"SUCCEEDED","sumStreamNumber":1,"taskUUID":""}}, try: 10
[2022-08-07 01:41:15,503][ INFO][mock_communicate.cc:492 ] Task SUCCEEDED, Mock will exit application
[2022-08-07 01:41:15,503][ INFO][iva_task_manager.cc:788 ] task finish. 17648c42-b50f-4bb2-ad24-dbb9159cd653
[2022-08-07 01:41:15,503][ INFO][iva_task_manager.cc:839 ] IvaUpload Update notify.
[2022-08-07 01:41:15,503][ INFO][      iva_task.cc:564 ] ModelBoxTaskStatusCallback: Callback Finish,   task_name_: 17648c42-b50f-4bb2-ad24-dbb9159cd653_1659836448 modelbox task id: 9b7fbe80-15b9-4020-9236-62acbd54de42
[2022-08-07 01:41:15,504][ INFO][        server.cc:91  ] app server stop
[2022-08-07 01:41:15,504][ INFO][iva_task_manager.cc:825 ] IvaUpload thread Stop.
[2022-08-07 01:41:15,504][ INFO][iva_task_manager.cc:852 ] IvaUpload Stop notify.
[2022-08-07 01:41:15,705][ INFO][mock_communicate.cc:475 ] mock communicate stop.
[2022-08-07 01:41:15,705][ INFO][flow_scheduler.cc:397 ] shutdown flow scheduler.
[2022-08-07 01:41:15,706][ERROR][flow_scheduler.cc:377 ] the scheduler caught an error : Stop operation
[2022-08-07 01:41:15,772][ INFO][   performance.cc:312 ] profiler timer end
[2022-08-07 01:41:15,872][ INFO][         trace.cc:129 ] trace timer end
[2022-08-07 01:41:15,923][ INFO][rknpu2_inference_flowunit.cc:73  ] rknn2 inference close
[2022-08-07 01:41:15,932][ INFO][   job_manager.cc:82  ] delete job : IVA_JOB
[2022-08-07 01:41:15,932][ INFO][    iva_plugin.cc:46  ] IvaPlugin Stop success.
[2022-08-07 01:41:15,932][ INFO][  stack_plugin.cc:85  ] StackPlugin Stop success.
[2022-08-07 01:41:15,932][ INFO][          main.cc:382 ] exit modelbox process
